17:49:59 **** Incremental Build of configuration Nios II for project firmware ****
make all 
Info: Building ../firmware_bsp/
C:/intelFPGA_lite/18.0/nios2eds/bin/gnu/H-x86_64-mingw32/bin/make --no-print-directory -C ../firmware_bsp/
[BSP build complete]
Info: Compiling main.c to obj/default/main.o
nios2-elf-gcc -xc -MP -MMD -c -I../firmware_bsp//HAL/inc -I../firmware_bsp/ -I../firmware_bsp//drivers/inc  -pipe -D__hal__ -DALT_NO_INSTRUCTION_EMULATION -DALT_SINGLE_THREADED    -O0 -g -Wall   -mno-hw-div -mno-hw-mul -mno-hw-mulx -mgpopt=global  -o obj/default/main.o main.c
main.c: In function 'setBuffer':
main.c:63:30: warning: pointer targets in passing argument 1 of 'strlen' differ in signedness [-Wpointer-sign]
  memcpy(buffer, word, strlen(word));
                              ^
In file included from c:\intelfpga_lite\18.0\nios2eds\bin\gnu\h-x86_64-mingw32\nios2-elf\include\stdio.h:29:0,
                 from main.c:4:
c:\intelfpga_lite\18.0\nios2eds\bin\gnu\h-x86_64-mingw32\nios2-elf\include\string.h:33:9: note: expected 'const char *' but argument is of type 'unsigned char *'
 size_t  _EXFUN(strlen,(const char *));
         ^
main.c: In function 'main':
main.c:85:7: warning: unused variable 'letter' [-Wunused-variable]
  char letter;
       ^
main.c:82:15: warning: variable 'switches' set but not used [-Wunused-but-set-variable]
  int buttons, switches;
               ^
main.c:82:6: warning: variable 'buttons' set but not used [-Wunused-but-set-variable]
  int buttons, switches;
      ^
Info: Linking firmware.elf
nios2-elf-g++  -T'../firmware_bsp//linker.x' -msys-crt0='../firmware_bsp//obj/HAL/src/crt0.o' -msys-lib=hal_bsp -L../firmware_bsp/   -Wl,-Map=firmware.map   -O0 -g -Wall   -mno-hw-div -mno-hw-mul -mno-hw-mulx -mgpopt=global  -o firmware.elf obj/default/main.o -lm -msys-lib=m
nios2-elf-insert firmware.elf --thread_model hal --cpu_name cpu --qsys true --simulation_enabled false --id 0 --sidp 0x210b0 --timestamp 1647015294 --stderr_dev jtag_uart --stdin_dev jtag_uart --stdout_dev jtag_uart --sopc_system_name nios2system --quartus_project_dir "C:/Users/meder/NuttyNios-Hardware" --jdi ../..//output_files/NuttyNios.jdi --sopcinfo C:/Users/meder/NuttyNios-Hardware/software/firmware_bsp/../../nios2system.sopcinfo
Info: (firmware.elf) 17 KBytes program size (code + initialized data).
Info:                40 KBytes free for stack + heap.
Info: Creating firmware.objdump
nios2-elf-objdump --disassemble --syms --all-header --source firmware.elf >firmware.objdump
[firmware build complete]

17:50:01 Build Finished (took 1s.658ms)

