Info: Starting: Create block symbol file (.bsf)
Info: qsys-generate C:\Users\meder\NuttyNios-Hardware\nios2system.qsys --block-symbol-file --output-directory=C:\Users\meder\NuttyNios-Hardware\nios2system --family="MAX 10" --part=10M08DAF484C8G
Progress: Loading NuttyNios-Hardware/nios2system.qsys
Progress: Reading input file
Progress: Adding accelerometer_spi [altera_up_avalon_accelerometer_spi 18.0]
Progress: Parameterizing module accelerometer_spi
Progress: Adding button [altera_avalon_pio 18.0]
Progress: Parameterizing module button
Progress: Adding clk_0 [clock_source 18.0]
Progress: Parameterizing module clk_0
Progress: Adding cpu [altera_nios2_gen2 18.0]
Progress: Parameterizing module cpu
Progress: Adding hex0 [altera_avalon_pio 18.0]
Progress: Parameterizing module hex0
Progress: Adding hex1 [altera_avalon_pio 18.0]
Progress: Parameterizing module hex1
Progress: Adding hex2 [altera_avalon_pio 18.0]
Progress: Parameterizing module hex2
Progress: Adding hex3 [altera_avalon_pio 18.0]
Progress: Parameterizing module hex3
Progress: Adding hex4 [altera_avalon_pio 18.0]
Progress: Parameterizing module hex4
Progress: Adding hex5 [altera_avalon_pio 18.0]
Progress: Parameterizing module hex5
Progress: Adding jtag_uart [altera_avalon_jtag_uart 18.0]
Progress: Parameterizing module jtag_uart
Progress: Adding led [altera_avalon_pio 18.0]
Progress: Parameterizing module led
Progress: Adding onchip_memory [altera_avalon_onchip_memory2 18.0]
Progress: Parameterizing module onchip_memory
Progress: Adding switch [altera_avalon_pio 18.0]
Progress: Parameterizing module switch
Progress: Adding sysid_qsys_0 [altera_avalon_sysid_qsys 18.0]
Progress: Parameterizing module sysid_qsys_0
Progress: Building connections
Progress: Parameterizing connections
Progress: Validating
Progress: Done reading input file
Info: nios2system.button: PIO inputs are not hardwired in test bench. Undefined values will be read from PIO inputs during simulation.
Info: nios2system.jtag_uart: JTAG UART IP input clock need to be at least double (2x) the operating frequency of JTAG TCK on board
Info: nios2system.switch: PIO inputs are not hardwired in test bench. Undefined values will be read from PIO inputs during simulation.
Info: nios2system.sysid_qsys_0: System ID is not assigned automatically. Edit the System ID parameter to provide a unique ID
Info: nios2system.sysid_qsys_0: Time stamp will be automatically updated when this component is generated.
Info: qsys-generate succeeded.
Info: Finished: Create block symbol file (.bsf)
Info: 
Info: Starting: Create HDL design files for synthesis
Info: qsys-generate C:\Users\meder\NuttyNios-Hardware\nios2system.qsys --synthesis=VERILOG --output-directory=C:\Users\meder\NuttyNios-Hardware\nios2system\synthesis --family="MAX 10" --part=10M08DAF484C8G
Progress: Loading NuttyNios-Hardware/nios2system.qsys
Progress: Reading input file
Progress: Adding accelerometer_spi [altera_up_avalon_accelerometer_spi 18.0]
Progress: Parameterizing module accelerometer_spi
Progress: Adding button [altera_avalon_pio 18.0]
Progress: Parameterizing module button
Progress: Adding clk_0 [clock_source 18.0]
Progress: Parameterizing module clk_0
Progress: Adding cpu [altera_nios2_gen2 18.0]
Progress: Parameterizing module cpu
Progress: Adding hex0 [altera_avalon_pio 18.0]
Progress: Parameterizing module hex0
Progress: Adding hex1 [altera_avalon_pio 18.0]
Progress: Parameterizing module hex1
Progress: Adding hex2 [altera_avalon_pio 18.0]
Progress: Parameterizing module hex2
Progress: Adding hex3 [altera_avalon_pio 18.0]
Progress: Parameterizing module hex3
Progress: Adding hex4 [altera_avalon_pio 18.0]
Progress: Parameterizing module hex4
Progress: Adding hex5 [altera_avalon_pio 18.0]
Progress: Parameterizing module hex5
Progress: Adding jtag_uart [altera_avalon_jtag_uart 18.0]
Progress: Parameterizing module jtag_uart
Progress: Adding led [altera_avalon_pio 18.0]
Progress: Parameterizing module led
Progress: Adding onchip_memory [altera_avalon_onchip_memory2 18.0]
Progress: Parameterizing module onchip_memory
Progress: Adding switch [altera_avalon_pio 18.0]
Progress: Parameterizing module switch
Progress: Adding sysid_qsys_0 [altera_avalon_sysid_qsys 18.0]
Progress: Parameterizing module sysid_qsys_0
Progress: Building connections
Progress: Parameterizing connections
Progress: Validating
Progress: Done reading input file
Info: nios2system.button: PIO inputs are not hardwired in test bench. Undefined values will be read from PIO inputs during simulation.
Info: nios2system.jtag_uart: JTAG UART IP input clock need to be at least double (2x) the operating frequency of JTAG TCK on board
Info: nios2system.switch: PIO inputs are not hardwired in test bench. Undefined values will be read from PIO inputs during simulation.
Info: nios2system.sysid_qsys_0: System ID is not assigned automatically. Edit the System ID parameter to provide a unique ID
Info: nios2system.sysid_qsys_0: Time stamp will be automatically updated when this component is generated.
Info: nios2system: Generating nios2system "nios2system" for QUARTUS_SYNTH
Info: accelerometer_spi: Starting Generation of the Accelerometer Controller in SPI mode
Info: accelerometer_spi: "nios2system" instantiated altera_up_avalon_accelerometer_spi "accelerometer_spi"
Info: button: Starting RTL generation for module 'nios2system_button'
Info: button:   Generation command is [exec C:/intelfpga_lite/18.0/quartus/bin64/perl/bin/perl.exe -I C:/intelfpga_lite/18.0/quartus/bin64/perl/lib -I C:/intelfpga_lite/18.0/quartus/sopc_builder/bin/europa -I C:/intelfpga_lite/18.0/quartus/sopc_builder/bin/perl_lib -I C:/intelfpga_lite/18.0/quartus/sopc_builder/bin -I C:/intelfpga_lite/18.0/quartus/../ip/altera/sopc_builder_ip/common -I C:/intelfpga_lite/18.0/quartus/../ip/altera/sopc_builder_ip/altera_avalon_pio -- C:/intelfpga_lite/18.0/quartus/../ip/altera/sopc_builder_ip/altera_avalon_pio/generate_rtl.pl --name=nios2system_button --dir=C:/Users/meder/AppData/Local/Temp/alt9041_2807514530077519683.dir/0003_button_gen/ --quartus_dir=C:/intelfpga_lite/18.0/quartus --verilog --config=C:/Users/meder/AppData/Local/Temp/alt9041_2807514530077519683.dir/0003_button_gen//nios2system_button_component_configuration.pl  --do_build_sim=0  ]
Info: button: Done RTL generation for module 'nios2system_button'
Info: button: "nios2system" instantiated altera_avalon_pio "button"
Info: cpu: "nios2system" instantiated altera_nios2_gen2 "cpu"
Info: hex0: Starting RTL generation for module 'nios2system_hex0'
Info: hex0:   Generation command is [exec C:/intelfpga_lite/18.0/quartus/bin64/perl/bin/perl.exe -I C:/intelfpga_lite/18.0/quartus/bin64/perl/lib -I C:/intelfpga_lite/18.0/quartus/sopc_builder/bin/europa -I C:/intelfpga_lite/18.0/quartus/sopc_builder/bin/perl_lib -I C:/intelfpga_lite/18.0/quartus/sopc_builder/bin -I C:/intelfpga_lite/18.0/quartus/../ip/altera/sopc_builder_ip/common -I C:/intelfpga_lite/18.0/quartus/../ip/altera/sopc_builder_ip/altera_avalon_pio -- C:/intelfpga_lite/18.0/quartus/../ip/altera/sopc_builder_ip/altera_avalon_pio/generate_rtl.pl --name=nios2system_hex0 --dir=C:/Users/meder/AppData/Local/Temp/alt9041_2807514530077519683.dir/0004_hex0_gen/ --quartus_dir=C:/intelfpga_lite/18.0/quartus --verilog --config=C:/Users/meder/AppData/Local/Temp/alt9041_2807514530077519683.dir/0004_hex0_gen//nios2system_hex0_component_configuration.pl  --do_build_sim=0  ]
Info: hex0: Done RTL generation for module 'nios2system_hex0'
Info: hex0: "nios2system" instantiated altera_avalon_pio "hex0"
Info: jtag_uart: Starting RTL generation for module 'nios2system_jtag_uart'
Info: jtag_uart:   Generation command is [exec C:/intelfpga_lite/18.0/quartus/bin64/perl/bin/perl.exe -I C:/intelfpga_lite/18.0/quartus/bin64/perl/lib -I C:/intelfpga_lite/18.0/quartus/sopc_builder/bin/europa -I C:/intelfpga_lite/18.0/quartus/sopc_builder/bin/perl_lib -I C:/intelfpga_lite/18.0/quartus/sopc_builder/bin -I C:/intelfpga_lite/18.0/quartus/../ip/altera/sopc_builder_ip/common -I C:/intelfpga_lite/18.0/quartus/../ip/altera/sopc_builder_ip/altera_avalon_jtag_uart -- C:/intelfpga_lite/18.0/quartus/../ip/altera/sopc_builder_ip/altera_avalon_jtag_uart/generate_rtl.pl --name=nios2system_jtag_uart --dir=C:/Users/meder/AppData/Local/Temp/alt9041_2807514530077519683.dir/0005_jtag_uart_gen/ --quartus_dir=C:/intelfpga_lite/18.0/quartus --verilog --config=C:/Users/meder/AppData/Local/Temp/alt9041_2807514530077519683.dir/0005_jtag_uart_gen//nios2system_jtag_uart_component_configuration.pl  --do_build_sim=0  ]
Info: jtag_uart: Done RTL generation for module 'nios2system_jtag_uart'
Info: jtag_uart: "nios2system" instantiated altera_avalon_jtag_uart "jtag_uart"
Info: led: Starting RTL generation for module 'nios2system_led'
Info: led:   Generation command is [exec C:/intelfpga_lite/18.0/quartus/bin64/perl/bin/perl.exe -I C:/intelfpga_lite/18.0/quartus/bin64/perl/lib -I C:/intelfpga_lite/18.0/quartus/sopc_builder/bin/europa -I C:/intelfpga_lite/18.0/quartus/sopc_builder/bin/perl_lib -I C:/intelfpga_lite/18.0/quartus/sopc_builder/bin -I C:/intelfpga_lite/18.0/quartus/../ip/altera/sopc_builder_ip/common -I C:/intelfpga_lite/18.0/quartus/../ip/altera/sopc_builder_ip/altera_avalon_pio -- C:/intelfpga_lite/18.0/quartus/../ip/altera/sopc_builder_ip/altera_avalon_pio/generate_rtl.pl --name=nios2system_led --dir=C:/Users/meder/AppData/Local/Temp/alt9041_2807514530077519683.dir/0006_led_gen/ --quartus_dir=C:/intelfpga_lite/18.0/quartus --verilog --config=C:/Users/meder/AppData/Local/Temp/alt9041_2807514530077519683.dir/0006_led_gen//nios2system_led_component_configuration.pl  --do_build_sim=0  ]
Info: led: Done RTL generation for module 'nios2system_led'
Info: led: "nios2system" instantiated altera_avalon_pio "led"
Info: onchip_memory: Starting RTL generation for module 'nios2system_onchip_memory'
Info: onchip_memory:   Generation command is [exec C:/intelfpga_lite/18.0/quartus/bin64/perl/bin/perl.exe -I C:/intelfpga_lite/18.0/quartus/bin64/perl/lib -I C:/intelfpga_lite/18.0/quartus/sopc_builder/bin/europa -I C:/intelfpga_lite/18.0/quartus/sopc_builder/bin/perl_lib -I C:/intelfpga_lite/18.0/quartus/sopc_builder/bin -I C:/intelfpga_lite/18.0/quartus/../ip/altera/sopc_builder_ip/common -I C:/intelfpga_lite/18.0/quartus/../ip/altera/sopc_builder_ip/altera_avalon_onchip_memory2 -- C:/intelfpga_lite/18.0/quartus/../ip/altera/sopc_builder_ip/altera_avalon_onchip_memory2/generate_rtl.pl --name=nios2system_onchip_memory --dir=C:/Users/meder/AppData/Local/Temp/alt9041_2807514530077519683.dir/0007_onchip_memory_gen/ --quartus_dir=C:/intelfpga_lite/18.0/quartus --verilog --config=C:/Users/meder/AppData/Local/Temp/alt9041_2807514530077519683.dir/0007_onchip_memory_gen//nios2system_onchip_memory_component_configuration.pl  --do_build_sim=0  ]
Info: onchip_memory: Done RTL generation for module 'nios2system_onchip_memory'
Info: onchip_memory: "nios2system" instantiated altera_avalon_onchip_memory2 "onchip_memory"
Info: switch: Starting RTL generation for module 'nios2system_switch'
Info: switch:   Generation command is [exec C:/intelfpga_lite/18.0/quartus/bin64/perl/bin/perl.exe -I C:/intelfpga_lite/18.0/quartus/bin64/perl/lib -I C:/intelfpga_lite/18.0/quartus/sopc_builder/bin/europa -I C:/intelfpga_lite/18.0/quartus/sopc_builder/bin/perl_lib -I C:/intelfpga_lite/18.0/quartus/sopc_builder/bin -I C:/intelfpga_lite/18.0/quartus/../ip/altera/sopc_builder_ip/common -I C:/intelfpga_lite/18.0/quartus/../ip/altera/sopc_builder_ip/altera_avalon_pio -- C:/intelfpga_lite/18.0/quartus/../ip/altera/sopc_builder_ip/altera_avalon_pio/generate_rtl.pl --name=nios2system_switch --dir=C:/Users/meder/AppData/Local/Temp/alt9041_2807514530077519683.dir/0008_switch_gen/ --quartus_dir=C:/intelfpga_lite/18.0/quartus --verilog --config=C:/Users/meder/AppData/Local/Temp/alt9041_2807514530077519683.dir/0008_switch_gen//nios2system_switch_component_configuration.pl  --do_build_sim=0  ]
Info: switch: Done RTL generation for module 'nios2system_switch'
Info: switch: "nios2system" instantiated altera_avalon_pio "switch"
Info: sysid_qsys_0: "nios2system" instantiated altera_avalon_sysid_qsys "sysid_qsys_0"
Info: avalon_st_adapter: Inserting error_adapter: error_adapter_0
Info: avalon_st_adapter_001: Inserting error_adapter: error_adapter_0
Info: avalon_st_adapter_002: Inserting error_adapter: error_adapter_0
Info: avalon_st_adapter_003: Inserting error_adapter: error_adapter_0
Info: avalon_st_adapter_004: Inserting error_adapter: error_adapter_0
Info: avalon_st_adapter_005: Inserting error_adapter: error_adapter_0
Info: avalon_st_adapter_006: Inserting error_adapter: error_adapter_0
Info: avalon_st_adapter_007: Inserting error_adapter: error_adapter_0
Info: avalon_st_adapter_008: Inserting error_adapter: error_adapter_0
Info: avalon_st_adapter_009: Inserting error_adapter: error_adapter_0
Info: avalon_st_adapter_010: Inserting error_adapter: error_adapter_0
Info: avalon_st_adapter_011: Inserting error_adapter: error_adapter_0
Info: avalon_st_adapter_012: Inserting error_adapter: error_adapter_0
Info: avalon_st_adapter_013: Inserting error_adapter: error_adapter_0
Info: mm_interconnect_0: "nios2system" instantiated altera_mm_interconnect "mm_interconnect_0"
Info: irq_mapper: "nios2system" instantiated altera_irq_mapper "irq_mapper"
Info: rst_controller: "nios2system" instantiated altera_reset_controller "rst_controller"
Info: cpu: Starting RTL generation for module 'nios2system_cpu_cpu'
Info: cpu:   Generation command is [exec C:/intelFPGA_lite/18.0/quartus/bin64//eperlcmd.exe -I C:/intelFPGA_lite/18.0/quartus/bin64//perl/lib -I C:/intelfpga_lite/18.0/quartus/sopc_builder/bin/europa -I C:/intelfpga_lite/18.0/quartus/sopc_builder/bin/perl_lib -I C:/intelfpga_lite/18.0/quartus/sopc_builder/bin -I C:/intelfpga_lite/18.0/quartus/../ip/altera/nios2_ip/altera_nios2_gen2/cpu_lib -I C:/intelfpga_lite/18.0/quartus/../ip/altera/nios2_ip/altera_nios2_gen2/nios_lib -I C:/intelfpga_lite/18.0/quartus/../ip/altera/nios2_ip/altera_nios2_gen2 -I C:/intelfpga_lite/18.0/quartus/../ip/altera/nios2_ip/altera_nios2_gen2 -- C:/intelfpga_lite/18.0/quartus/../ip/altera/nios2_ip/altera_nios2_gen2/generate_rtl.epl --name=nios2system_cpu_cpu --dir=C:/Users/meder/AppData/Local/Temp/alt9041_2807514530077519683.dir/0012_cpu_gen/ --quartus_bindir=C:/intelFPGA_lite/18.0/quartus/bin64/ --verilog --config=C:/Users/meder/AppData/Local/Temp/alt9041_2807514530077519683.dir/0012_cpu_gen//nios2system_cpu_cpu_processor_configuration.pl  --do_build_sim=0  ]
Info: cpu: # 2022.02.18 16:29:02 (*) Starting Nios II generation
Info: cpu: # 2022.02.18 16:29:02 (*)   Checking for plaintext license.
Info: cpu: # 2022.02.18 16:29:02 (*)   Couldn't query license setup in Quartus directory C:/intelFPGA_lite/18.0/quartus/bin64/
Info: cpu: # 2022.02.18 16:29:02 (*)   Defaulting to contents of LM_LICENSE_FILE environment variable
Info: cpu: # 2022.02.18 16:29:02 (*)   LM_LICENSE_FILE environment variable is empty
Info: cpu: # 2022.02.18 16:29:02 (*)   Plaintext license not found.
Info: cpu: # 2022.02.18 16:29:02 (*)   No license required to generate encrypted Nios II/e.
Info: cpu: # 2022.02.18 16:29:02 (*)   Elaborating CPU configuration settings
Info: cpu: # 2022.02.18 16:29:02 (*)   Creating all objects for CPU
Info: cpu: # 2022.02.18 16:29:03 (*)   Generating RTL from CPU objects
Info: cpu: # 2022.02.18 16:29:03 (*)   Creating plain-text RTL
Info: cpu: # 2022.02.18 16:29:04 (*) Done Nios II generation
Info: cpu: Done RTL generation for module 'nios2system_cpu_cpu'
Info: cpu: "cpu" instantiated altera_nios2_gen2_unit "cpu"
Info: cpu_data_master_translator: "mm_interconnect_0" instantiated altera_merlin_master_translator "cpu_data_master_translator"
Info: accelerometer_spi_avalon_accelerometer_spi_mode_slave_translator: "mm_interconnect_0" instantiated altera_merlin_slave_translator "accelerometer_spi_avalon_accelerometer_spi_mode_slave_translator"
Info: cpu_data_master_agent: "mm_interconnect_0" instantiated altera_merlin_master_agent "cpu_data_master_agent"
Info: accelerometer_spi_avalon_accelerometer_spi_mode_slave_agent: "mm_interconnect_0" instantiated altera_merlin_slave_agent "accelerometer_spi_avalon_accelerometer_spi_mode_slave_agent"
Info: accelerometer_spi_avalon_accelerometer_spi_mode_slave_agent_rsp_fifo: "mm_interconnect_0" instantiated altera_avalon_sc_fifo "accelerometer_spi_avalon_accelerometer_spi_mode_slave_agent_rsp_fifo"
Info: router: "mm_interconnect_0" instantiated altera_merlin_router "router"
Info: router_001: "mm_interconnect_0" instantiated altera_merlin_router "router_001"
Info: router_002: "mm_interconnect_0" instantiated altera_merlin_router "router_002"
Info: router_003: "mm_interconnect_0" instantiated altera_merlin_router "router_003"
Info: router_005: "mm_interconnect_0" instantiated altera_merlin_router "router_005"
Info: accelerometer_spi_avalon_accelerometer_spi_mode_slave_burst_adapter: "mm_interconnect_0" instantiated altera_merlin_burst_adapter "accelerometer_spi_avalon_accelerometer_spi_mode_slave_burst_adapter"
Info: cmd_demux: "mm_interconnect_0" instantiated altera_merlin_demultiplexer "cmd_demux"
Info: cmd_demux_001: "mm_interconnect_0" instantiated altera_merlin_demultiplexer "cmd_demux_001"
Info: cmd_mux: "mm_interconnect_0" instantiated altera_merlin_multiplexer "cmd_mux"
Info: cmd_mux_003: "mm_interconnect_0" instantiated altera_merlin_multiplexer "cmd_mux_003"
Info: Reusing file C:/Users/meder/NuttyNios-Hardware/nios2system/synthesis/submodules/altera_merlin_arbitrator.sv
Info: rsp_demux: "mm_interconnect_0" instantiated altera_merlin_demultiplexer "rsp_demux"
Info: rsp_mux: "mm_interconnect_0" instantiated altera_merlin_multiplexer "rsp_mux"
Info: Reusing file C:/Users/meder/NuttyNios-Hardware/nios2system/synthesis/submodules/altera_merlin_arbitrator.sv
Info: rsp_mux_001: "mm_interconnect_0" instantiated altera_merlin_multiplexer "rsp_mux_001"
Info: Reusing file C:/Users/meder/NuttyNios-Hardware/nios2system/synthesis/submodules/altera_merlin_arbitrator.sv
Info: accelerometer_spi_avalon_accelerometer_spi_mode_slave_rsp_width_adapter: "mm_interconnect_0" instantiated altera_merlin_width_adapter "accelerometer_spi_avalon_accelerometer_spi_mode_slave_rsp_width_adapter"
Info: Reusing file C:/Users/meder/NuttyNios-Hardware/nios2system/synthesis/submodules/altera_merlin_address_alignment.sv
Info: Reusing file C:/Users/meder/NuttyNios-Hardware/nios2system/synthesis/submodules/altera_merlin_burst_uncompressor.sv
Info: avalon_st_adapter: "mm_interconnect_0" instantiated altera_avalon_st_adapter "avalon_st_adapter"
Info: avalon_st_adapter_001: "mm_interconnect_0" instantiated altera_avalon_st_adapter "avalon_st_adapter_001"
Info: error_adapter_0: "avalon_st_adapter" instantiated error_adapter "error_adapter_0"
Info: error_adapter_0: "avalon_st_adapter_001" instantiated error_adapter "error_adapter_0"
Info: nios2system: Done "nios2system" with 37 modules, 62 files
Info: qsys-generate succeeded.
Info: Finished: Create HDL design files for synthesis
